<?xml version="1.0" encoding="UTF-8"?>
<!-- Generated by org.testng.reporters.JUnitXMLReporter -->
<testsuite hostname="DESKTOP-N0HSUA8" name="Default test" tests="4" failures="0" timestamp="28 Sep 2021 04:30:53 GMT" time="33.91" errors="0">
  <testcase name="verifyUserNameTextBox" time="0.33" classname="com.qa.crm.test.LoginPageTest"/>
  <testcase name="verifyPasswordTextBox" time="0.056" classname="com.qa.crm.test.LoginPageTest"/>
  <testcase name="verifyLognButton" time="0.056" classname="com.qa.crm.test.LoginPageTest"/>
  <testcase name="loginIntoApplication" time="9.778" classname="com.qa.crm.test.LoginPageTest"/>
</testsuite> <!-- Default test -->
