<?xml version="1.0" encoding="UTF-8"?>
<!-- Generated by org.testng.reporters.JUnitXMLReporter -->
<testsuite hostname="DESKTOP-N0HSUA8" name="Test" tests="5" failures="0" timestamp="28 Sep 2021 04:56:57 GMT" time="55.078" errors="0">
  <testcase name="verifyUserNameTextBox" time="0.092" classname="com.qa.crm.test.LoginPageTest"/>
  <testcase name="verifyPasswordTextBox" time="0.054" classname="com.qa.crm.test.LoginPageTest"/>
  <testcase name="verifyLognButton" time="0.056" classname="com.qa.crm.test.LoginPageTest"/>
  <testcase name="loginIntoApplication" time="7.04" classname="com.qa.crm.test.LoginPageTest"/>
  <testcase name="verifyHomePageLogoName" time="0.002" classname="com.qa.crm.test.HomePageTest"/>
</testsuite> <!-- Test -->
